<?xml version="1.0" encoding="UTF-8"?>
<testsuite xmlns:xsi="http://www.w3.org/2001/XMLSchema-instance" xsi:noNamespaceSchemaLocation="https://maven.apache.org/surefire/maven-surefire-plugin/xsd/surefire-test-report.xsd" name="com.example.demo.controller.AuthControllerTest" time="5.766" tests="2" errors="0" skipped="0" failures="0">
  <properties>
[...]
</properties>
  <testcase name="loginReturns200WhenServiceAccepts" classname="com.example.demo.controller.AuthControllerTest" time="4.949"/>
  <testcase name="loginReturns401WhenServiceRejects" classname="com.example.demo.controller.AuthControllerTest" time="0.219"/>
</testsuite>